C:\USERS\ADIEL\DESKTOP\BORRAR\OPENCV6\OPENCV6\DEBUG\OPENCV6.PCH
C:\USERS\ADIEL\DESKTOP\BORRAR\OPENCV6\OPENCV6\DEBUG\STDAFX.OBJ
C:\USERS\ADIEL\DESKTOP\BORRAR\OPENCV6\OPENCV6\DEBUG\VC110.PDB
C:\USERS\ADIEL\DESKTOP\BORRAR\OPENCV6\OPENCV6\DEBUG\ASSEMBLYINFO.OBJ
C:\USERS\ADIEL\DESKTOP\BORRAR\OPENCV6\OPENCV6\DEBUG\.NETFRAMEWORK,VERSION=V4.5.ASSEMBLYATTRIBUTES.OBJ
C:\USERS\ADIEL\DESKTOP\BORRAR\OPENCV6\OPENCV6\DEBUG\OPENCV6.OBJ
C:\USERS\ADIEL\DESKTOP\BORRAR\OPENCV6\DEBUG\OPENCV6.ILK
C:\USERS\ADIEL\DESKTOP\BORRAR\OPENCV6\DEBUG\OPENCV6.EXE
C:\USERS\ADIEL\DESKTOP\BORRAR\OPENCV6\DEBUG\OPENCV6.PDB
C:\USERS\ADIEL\DESKTOP\BORRAR\OPENCV6\OPENCV6\DEBUG\APP.RES
C:\Users\Adiel\Desktop\borrar\opencv6\opencv6\Debug\opencv6.vcxprojResolveAssemblyReference.cache
C:\Users\Adiel\Desktop\borrar\opencv6\opencv6\Debug\.NETFramework,Version=v4.5.AssemblyAttributes.obj
C:\Users\Adiel\Desktop\borrar\opencv6\opencv6\Debug\AssemblyInfo.obj
C:\Users\Adiel\Desktop\borrar\opencv6\opencv6\Debug\opencv6.obj
C:\Users\Adiel\Desktop\borrar\opencv6\opencv6\Debug\stdafx.obj
C:\Users\Adiel\Desktop\borrar\opencv6\opencv6\Debug\cl.command.1.tlog
C:\Users\Adiel\Desktop\borrar\opencv6\opencv6\Debug\CL.read.1.tlog
C:\Users\Adiel\Desktop\borrar\opencv6\opencv6\Debug\CL.write.1.tlog
C:\Users\Adiel\Desktop\borrar\opencv6\opencv6\Debug\link.6208-cvtres.read.1.tlog
C:\Users\Adiel\Desktop\borrar\opencv6\opencv6\Debug\link.6208-cvtres.write.1.tlog
C:\Users\Adiel\Desktop\borrar\opencv6\opencv6\Debug\link.6208-rc.read.1.tlog
C:\Users\Adiel\Desktop\borrar\opencv6\opencv6\Debug\link.6208-rc.write.1.tlog
C:\Users\Adiel\Desktop\borrar\opencv6\opencv6\Debug\link.6208.read.1.tlog
C:\Users\Adiel\Desktop\borrar\opencv6\opencv6\Debug\link.6208.write.1.tlog
C:\Users\Adiel\Desktop\borrar\opencv6\opencv6\Debug\link.6528-cvtres.read.1.tlog
C:\Users\Adiel\Desktop\borrar\opencv6\opencv6\Debug\link.6528-cvtres.write.1.tlog
C:\Users\Adiel\Desktop\borrar\opencv6\opencv6\Debug\link.6528-rc.read.1.tlog
C:\Users\Adiel\Desktop\borrar\opencv6\opencv6\Debug\link.6528-rc.write.1.tlog
C:\Users\Adiel\Desktop\borrar\opencv6\opencv6\Debug\link.6528.read.1.tlog
C:\Users\Adiel\Desktop\borrar\opencv6\opencv6\Debug\link.6528.write.1.tlog
C:\Users\Adiel\Desktop\borrar\opencv6\opencv6\Debug\link.6940-cvtres.read.1.tlog
C:\Users\Adiel\Desktop\borrar\opencv6\opencv6\Debug\link.6940-cvtres.write.1.tlog
C:\Users\Adiel\Desktop\borrar\opencv6\opencv6\Debug\link.6940-rc.read.1.tlog
C:\Users\Adiel\Desktop\borrar\opencv6\opencv6\Debug\link.6940-rc.write.1.tlog
C:\Users\Adiel\Desktop\borrar\opencv6\opencv6\Debug\link.6940.read.1.tlog
C:\Users\Adiel\Desktop\borrar\opencv6\opencv6\Debug\link.6940.write.1.tlog
C:\Users\Adiel\Desktop\borrar\opencv6\opencv6\Debug\link.command.1.tlog
C:\Users\Adiel\Desktop\borrar\opencv6\opencv6\Debug\link.read.1.tlog
C:\Users\Adiel\Desktop\borrar\opencv6\opencv6\Debug\link.write.1.tlog
C:\Users\Adiel\Desktop\borrar\opencv6\opencv6\Debug\metagen.read.1.tlog
C:\Users\Adiel\Desktop\borrar\opencv6\opencv6\Debug\metagen.write.1.tlog
C:\Users\Adiel\Desktop\borrar\opencv6\opencv6\Debug\rc.command.1.tlog
C:\Users\Adiel\Desktop\borrar\opencv6\opencv6\Debug\rc.read.1.tlog
C:\Users\Adiel\Desktop\borrar\opencv6\opencv6\Debug\rc.write.1.tlog
C:\Users\Adiel\Desktop\borrar\opencv6\opencv6\Debug\app.res
C:\Users\Adiel\Desktop\borrar\opencv6\opencv6\Debug\opencv6.pch
C:\Users\Adiel\Desktop\borrar\opencv6\opencv6\Debug\vc110.pdb
C:\Users\Adiel\Desktop\borrar\opencv6\opencv6\Debug\RSAENH.DLL.bi
C:\Users\Adiel\Desktop\borrar\opencv6\opencv6\Debug\TZRES.DLL.bi
C:\Users\Adiel\Desktop\borrar\opencv6\Debug\opencv6.pdb
C:\Users\Adiel\Desktop\borrar\opencv6\Debug\opencv6.exe
C:\Users\Adiel\Desktop\borrar\opencv6\Debug\opencv6.ilk
